This is pdfTeX, Version 3.141592653-2.6-1.40.24 (MiKTeX 22.3) (preloaded format=pdflatex 2022.4.3)  9 SEP 2022 18:29
entering extended mode
 restricted \write18 enabled.
 file:line:error style messages enabled.
 %&-line parsing enabled.
**i:/2022-2/272/Apuntes/Apuntes.tex
(i:/2022-2/272/Apuntes/Apuntes.tex
LaTeX2e <2021-11-15> patch level 1
L3 programming layer <2022-02-24> (C:\Users\victo\AppData\Local\Programs\MiKTeX\tex/latex/base\article.cls
Document Class: article 2021/10/04 v1.4n Standard LaTeX document class
(C:\Users\victo\AppData\Local\Programs\MiKTeX\tex/latex/base\size10.clo
File: size10.clo 2021/10/04 v1.4n Standard LaTeX file (size option)
)
\c@part=\count185
\c@section=\count186
\c@subsection=\count187
\c@subsubsection=\count188
\c@paragraph=\count189
\c@subparagraph=\count190
\c@figure=\count191
\c@table=\count192
\abovecaptionskip=\skip47
\belowcaptionskip=\skip48
\bibindent=\dimen138
) (C:\Users\victo\AppData\Local\Programs\MiKTeX\tex/latex/tools\multicol.sty
Package: multicol 2021/10/28 v1.9b multicolumn formatting (FMi)
\c@tracingmulticols=\count193
\mult@box=\box50
\multicol@leftmargin=\dimen139
\c@unbalance=\count194
\c@collectmore=\count195
\doublecol@number=\count196
\multicoltolerance=\count197
\multicolpretolerance=\count198
\full@width=\dimen140
\page@free=\dimen141
\premulticols=\dimen142
\postmulticols=\dimen143
\multicolsep=\skip49
\multicolbaselineskip=\skip50
\partial@page=\box51
\last@line=\box52
\maxbalancingoverflow=\dimen144
\mult@rightbox=\box53
\mult@grightbox=\box54
\mult@firstbox=\box55
\mult@gfirstbox=\box56
\@tempa=\box57
\@tempa=\box58
\@tempa=\box59
\@tempa=\box60
\@tempa=\box61
\@tempa=\box62
\@tempa=\box63
\@tempa=\box64
\@tempa=\box65
\@tempa=\box66
\@tempa=\box67
\@tempa=\box68
\@tempa=\box69
\@tempa=\box70
\@tempa=\box71
\@tempa=\box72
\@tempa=\box73
\@tempa=\box74
\@tempa=\box75
\@tempa=\box76
\@tempa=\box77
\@tempa=\box78
\@tempa=\box79
\@tempa=\box80
\@tempa=\box81
\@tempa=\box82
\@tempa=\box83
\@tempa=\box84
\@tempa=\box85
\@tempa=\box86
\@tempa=\box87
\@tempa=\box88
\@tempa=\box89
\@tempa=\box90
\@tempa=\box91
\@tempa=\box92
\c@minrows=\count199
\c@columnbadness=\count266
\c@finalcolumnbadness=\count267
\last@try=\dimen145
\multicolovershoot=\dimen146
\multicolundershoot=\dimen147
\mult@nat@firstbox=\box93
\colbreak@box=\box94
\mc@col@check@num=\count268
) (C:\Users\victo\AppData\Local\Programs\MiKTeX\tex/latex/graphics\graphicx.sty
Package: graphicx 2021/09/16 v1.2d Enhanced LaTeX Graphics (DPC,SPQR)
 (C:\Users\victo\AppData\Local\Programs\MiKTeX\tex/latex/graphics\keyval.sty
Package: keyval 2014/10/28 v1.15 key=value parser (DPC)
\KV@toks@=\toks16
) (C:\Users\victo\AppData\Local\Programs\MiKTeX\tex/latex/graphics\graphics.sty
Package: graphics 2021/03/04 v1.4d Standard LaTeX Graphics (DPC,SPQR)
 (C:\Users\victo\AppData\Local\Programs\MiKTeX\tex/latex/graphics\trig.sty
Package: trig 2021/08/11 v1.11 sin cos tan (DPC)
) (C:\Users\victo\AppData\Local\Programs\MiKTeX\tex/latex/graphics-cfg\graphics.cfg
File: graphics.cfg 2016/06/04 v1.11 sample graphics configuration
)
Package graphics Info: Driver file: pdftex.def on input line 107.
 (C:\Users\victo\AppData\Local\Programs\MiKTeX\tex/latex/graphics-def\pdftex.def
File: pdftex.def 2020/10/05 v1.2a Graphics/color driver for pdftex
))
\Gin@req@height=\dimen148
\Gin@req@width=\dimen149
) (C:\Users\victo\AppData\Local\Programs\MiKTeX\tex/latex/l3backend\l3backend-pdftex.def
File: l3backend-pdftex.def 2022-02-07 L3 backend support: PDF output (pdfTeX)
\l__color_backend_stack_int=\count269
\l__pdf_internal_box=\box95
) (Apuntes.aux)
\openout1 = `Apuntes.aux'.

LaTeX Font Info:    Checking defaults for OML/cmm/m/it on input line 6.
LaTeX Font Info:    ... okay on input line 6.
LaTeX Font Info:    Checking defaults for OMS/cmsy/m/n on input line 6.
LaTeX Font Info:    ... okay on input line 6.
LaTeX Font Info:    Checking defaults for OT1/cmr/m/n on input line 6.
LaTeX Font Info:    ... okay on input line 6.
LaTeX Font Info:    Checking defaults for T1/cmr/m/n on input line 6.
LaTeX Font Info:    ... okay on input line 6.
LaTeX Font Info:    Checking defaults for TS1/cmr/m/n on input line 6.
LaTeX Font Info:    ... okay on input line 6.
LaTeX Font Info:    Checking defaults for OMX/cmex/m/n on input line 6.
LaTeX Font Info:    ... okay on input line 6.
LaTeX Font Info:    Checking defaults for U/cmr/m/n on input line 6.
LaTeX Font Info:    ... okay on input line 6.
 (C:\Users\victo\AppData\Local\Programs\MiKTeX\tex/context/base/mkii\supp-pdf.mkii
[Loading MPS to PDF converter (version 2006.09.02).]
\scratchcounter=\count270
\scratchdimen=\dimen150
\scratchbox=\box96
\nofMPsegments=\count271
\nofMParguments=\count272
\everyMPshowfont=\toks17
\MPscratchCnt=\count273
\MPscratchDim=\dimen151
\MPnumerator=\count274
\makeMPintoPDFobject=\count275
\everyMPtoPDFconversion=\toks18
) (C:\Users\victo\AppData\Local\Programs\MiKTeX\tex/latex/epstopdf-pkg\epstopdf-base.sty
Package: epstopdf-base 2020-01-24 v2.11 Base part for package epstopdf
Package epstopdf-base Info: Redefining graphics rule for `.eps' on input line 485.
 (C:\Users\victo\AppData\Local\Programs\MiKTeX\tex/latex/00miktex\epstopdf-sys.cfg
File: epstopdf-sys.cfg 2021/03/18 v2.0 Configuration of epstopdf for MiKTeX
))
LaTeX Font Info:    External font `cmex10' loaded for size
(Font)              <7> on input line 10.
LaTeX Font Info:    External font `cmex10' loaded for size
(Font)              <5> on input line 10.

Underfull \hbox (badness 6978) in paragraph at lines 10--25
$[]$ \OT1/cmr/m/n/10 los datos son en-ti-dades
 []


Underfull \hbox (badness 10000) in paragraph at lines 10--25

 []


Underfull \hbox (badness 10000) in paragraph at lines 33--33
[]\OT1/cmr/bx/n/12 Evolucion Base de
 []


Underfull \hbox (badness 10000) in paragraph at lines 38--39
\OT1/cmr/m/n/10 para es-peci-icar un est^^Sandar
 []


Underfull \hbox (badness 10000) in paragraph at lines 46--47
[]\OT1/cmr/m/n/10 Sustemas ori-en-ta-dos a los
 []


Underfull \hbox (badness 7186) in paragraph at lines 48--49
[]\OT1/cmr/m/n/10 Datos in-de-pen-di-entes de los
 []

[1

{C:/Users/victo/AppData/Local/MiKTeX/fonts/map/pdftex/pdftex.map}]
Underfull \hbox (badness 10000) in paragraph at lines 64--65
[]\OT1/cmr/m/n/10 Independencia de datos
 []


Underfull \hbox (badness 10000) in paragraph at lines 75--75
[]\OT1/cmr/bx/n/10 Inconvenientes de las
 []


Underfull \hbox (badness 7047) in paragraph at lines 77--78
[]\OT1/cmr/m/n/10 Instalacion cos-tosa tanto en
 []


Underfull \hbox (badness 7203) in paragraph at lines 85--86
[]\OT1/cmr/m/n/10 Estructura Log-ica : Datos
 []


Underfull \hbox (badness 7796) in paragraph at lines 85--86
\OT1/cmr/m/n/10 Rela-cionales, re-stric-ciones de
 []


Underfull \hbox (badness 10000) in paragraph at lines 86--87
\OT1/cmr/m/n/10 datos in-ter-rela-ciones, re-stric-
 []

[2]
Underfull \hbox (badness 10000) in paragraph at lines 107--108
[]\OT1/cmr/m/n/10 TRUNCATE : El co-mando
 []

[3]
Underfull \hbox (badness 10000) in paragraph at lines 120--120
[]\OT1/cmr/bx/n/12 Instrucciones SQL-
 []


Overfull \hbox (30.0128pt too wide) in paragraph at lines 121--122
\OT1/cmr/bx/n/10 IN-SER-TAR, AC-TU-ALIZAR,BORRAR
 []


Underfull \hbox (badness 10000) in paragraph at lines 129--129
[]\OT1/cmr/bx/n/12 Instrucciones SQL-
 []


Underfull \hbox (badness 10000) in paragraph at lines 138--138
[]\OT1/cmr/bx/n/12 Instrucciones SQL-
 []

</2022-2/272/Apuntes/img/Img_1.JPG, id=15, 236.38312pt x 170.88844pt>
File: /2022-2/272/Apuntes/img/Img_1.JPG Graphic file (type jpg)
<use /2022-2/272/Apuntes/img/Img_1.JPG>
Package pdftex.def Info: /2022-2/272/Apuntes/img/Img_1.JPG  used on input line 153.
(pdftex.def)             Requested size: 113.81102pt x 82.27844pt.
</2022-2/272/Apuntes/img/Img_2.JPG, id=16, 225.09094pt x 263.48438pt>
File: /2022-2/272/Apuntes/img/Img_2.JPG Graphic file (type jpg)
<use /2022-2/272/Apuntes/img/Img_2.JPG>
Package pdftex.def Info: /2022-2/272/Apuntes/img/Img_2.JPG  used on input line 155.
(pdftex.def)             Requested size: 113.81102pt x 133.22539pt.

Underfull \hbox (badness 10000) in paragraph at lines 152--157

 []

[4 </2022-2/272/Apuntes/img/Img_1.JPG> </2022-2/272/Apuntes/img/Img_2.JPG>]
Overfull \hbox (95.61168pt too wide) in paragraph at lines 198--207
[] 
 []

[5] (Apuntes.aux) ) 
Here is how much of TeX's memory you used:
 1424 strings out of 478582
 24090 string characters out of 2844345
 326621 words of memory out of 3000000
 19644 multiletter control sequences out of 15000+600000
 471112 words of font info for 34 fonts, out of 8000000 for 9000
 1141 hyphenation exceptions out of 8191
 55i,6n,62p,280b,319s stack positions out of 10000i,1000n,20000p,200000b,80000s
 <C:\Users\victo\AppData\Local\MiKTeX\fonts/pk/ljfour/jknappen/ec/dpi600\tcrm1000.pk><C:/Users/victo/AppData/Local/Programs/MiKTeX/fonts/type1/public/amsfonts/cm/cmbx10.pfb><C:/Users/victo/AppData/Local/Programs/MiKTeX/fonts/type1/public/amsfonts/cm/cmbx12.pfb><C:/Users/victo/AppData/Local/Programs/MiKTeX/fonts/type1/public/amsfonts/cm/cmr10.pfb>
Output written on Apuntes.pdf (5 pages, 120060 bytes).
PDF statistics:
 40 PDF objects out of 1000 (max. 8388607)
 0 named destinations out of 1000 (max. 500000)
 11 words of extra memory for PDF output out of 10000 (max. 10000000)

